<?xml version="1.0" encoding="UTF-8"?>
<testsuite xmlns:xsi="http://www.w3.org/2001/XMLSchema-instance" xsi:noNamespaceSchemaLocation="https://maven.apache.org/surefire/maven-surefire-plugin/xsd/surefire-test-report.xsd" name="TestSuite" time="7.601" tests="5" errors="0" skipped="0" failures="2">
  <properties>
    <property name="java.specification.version" value="15"/>
    <property name="sun.cpu.isalist" value="amd64"/>
    <property name="sun.jnu.encoding" value="Cp1251"/>
    <property name="java.class.path" value="E:\apache-maven-3.9.5\boot\plexus-classworlds-2.7.0.jar"/>
    <property name="java.vm.vendor" value="Oracle Corporation"/>
    <property name="sun.arch.data.model" value="64"/>
    <property name="user.variant" value=""/>
    <property name="java.vendor.url" value="https://java.oracle.com/"/>
    <property name="user.timezone" value="Europe/Sofia"/>
    <property name="maven.conf" value="E:\apache-maven-3.9.5/conf"/>
    <property name="java.vm.specification.version" value="15"/>
    <property name="os.name" value="Windows 10"/>
    <property name="sun.java.launcher" value="SUN_STANDARD"/>
    <property name="user.country" value="BG"/>
    <property name="sun.boot.library.path" value="C:\Program Files\Java\jdk-15.0.1\bin"/>
    <property name="sun.java.command" value="org.codehaus.plexus.classworlds.launcher.Launcher test"/>
    <property name="jdk.debug" value="release"/>
    <property name="maven.home" value="E:\apache-maven-3.9.5"/>
    <property name="sun.cpu.endian" value="little"/>
    <property name="user.home" value="C:\Users\svetlin"/>
    <property name="user.language" value="bg"/>
    <property name="sun.stderr.encoding" value="cp866"/>
    <property name="java.specification.vendor" value="Oracle Corporation"/>
    <property name="java.version.date" value="2020-10-20"/>
    <property name="java.home" value="C:\Program Files\Java\jdk-15.0.1"/>
    <property name="file.separator" value="\"/>
    <property name="java.vm.compressedOopsMode" value="Zero based"/>
    <property name="line.separator" value="&#10;"/>
    <property name="sun.stdout.encoding" value="cp866"/>
    <property name="java.vm.specification.vendor" value="Oracle Corporation"/>
    <property name="java.specification.name" value="Java Platform API Specification"/>
    <property name="user.script" value=""/>
    <property name="sun.management.compiler" value="HotSpot 64-Bit Tiered Compilers"/>
    <property name="java.runtime.version" value="15.0.1+9-18"/>
    <property name="user.name" value="svetlin"/>
    <property name="path.separator" value=";"/>
    <property name="os.version" value="10.0"/>
    <property name="java.runtime.name" value="Java(TM) SE Runtime Environment"/>
    <property name="file.encoding" value="Cp1251"/>
    <property name="guice.disable.misplaced.annotation.check" value="true"/>
    <property name="java.vm.name" value="Java HotSpot(TM) 64-Bit Server VM"/>
    <property name="java.vendor.url.bug" value="https://bugreport.java.com/bugreport/"/>
    <property name="java.io.tmpdir" value="C:\Users\svetlin\AppData\Local\Temp\"/>
    <property name="java.version" value="15.0.1"/>
    <property name="user.dir" value="E:\RestAssuredFramework"/>
    <property name="os.arch" value="amd64"/>
    <property name="maven.multiModuleProjectDirectory" value="E:\RestAssuredFramework"/>
    <property name="java.vm.specification.name" value="Java Virtual Machine Specification"/>
    <property name="sun.os.patch.level" value=""/>
    <property name="java.library.path" value="C:\Program Files\Java\jdk-15.0.1\bin;C:\Windows\Sun\Java\bin;C:\Windows\system32;C:\Windows;C:\Python310\Scripts\;C:\Python310\;C:\Program Files (x86)\Intel\iCLS Client\;C:\Program Files\Intel\iCLS Client\;C:\Program Files\Common Files\Oracle\Java\javapath;C:\Windows\system32;C:\Windows;C:\Windows\System32\Wbem;C:\Windows\System32\WindowsPowerShell\v1.0\;C:\Windows\System32\OpenSSH\;C:\Program Files\Git\cmd;C:\Program Files (x86)\Intel\Intel(R) Management Engine Components\DAL;C:\Program Files\Intel\Intel(R) Management Engine Components\DAL;C:\Program Files (x86)\Intel\Intel(R) Management Engine Components\IPT;C:\Program Files\Intel\Intel(R) Management Engine Components\IPT;C:\Program Files\Intel\WiFi\bin\;C:\Program Files\Common Files\Intel\WirelessCommon\;C:\Program Files\nodejs\;C:\ProgramData\chocolatey\bin;E:\apache-maven-3.9.5\bin;C:\Users\svetlin\scoop\shims;C:\Users\svetlin\AppData\Local\Microsoft\WindowsApps;;C:\Program Files\JetBrains\IntelliJ IDEA Community Edition 2023.2.2\bin;;C:\Program Files\Intel\WiFi\bin\;C:\Program Files\Common Files\Intel\WirelessCommon\;C:\Users\svetlin\AppData\Roaming\npm;C:\Users\svetlin\AppData\Local\Programs\Microsoft VS Code\bin;."/>
    <property name="java.vm.info" value="mixed mode, sharing"/>
    <property name="java.vendor" value="Oracle Corporation"/>
    <property name="java.vm.version" value="15.0.1+9-18"/>
    <property name="classworlds.conf" value="E:\apache-maven-3.9.5\bin\m2.conf"/>
    <property name="sun.io.unicode.encoding" value="UnicodeLittle"/>
    <property name="library.jansi.path" value="E:\apache-maven-3.9.5\lib\jansi-native"/>
    <property name="java.class.version" value="59.0"/>
  </properties>
  <testcase name="ShouldNotBeAbleToCreateAPlaylistWithExpiredToken" classname="com.spotify.ouath2.tests.PlaylistsTests" time="4.516"/>
  <testcase name="ShouldNotBeAbleToCreateAPlaylistWithoutName" classname="com.spotify.ouath2.tests.PlaylistsTests" time="5.773"/>
  <testcase name="ShouldBeAbleToUpdateAPlaylist" classname="com.spotify.ouath2.tests.PlaylistsTests" time="5.877">
    <failure message="1 expectation failed.&#10;Expected content-type &quot;JSON&quot; doesn&apos;t match actual content-type &quot;&quot;.&#10;" type="java.lang.AssertionError">java.lang.AssertionError: 
1 expectation failed.
Expected content-type "JSON" doesn't match actual content-type "".

	at com.spotify.ouath2.tests.PlaylistsTests.ShouldBeAbleToUpdateAPlaylist(PlaylistsTests.java:66)
</failure>
    <system-out><![CDATA[HTTP/1.1 200 OK
cache-control: private, max-age=0
x-robots-tag: noindex, nofollow
access-control-allow-origin: *
access-control-allow-headers: Accept, App-Platform, Authorization, Content-Type, Origin, Retry-After, Spotify-App-Version, X-Cloud-Trace-Context, client-token, content-access-token
access-control-allow-methods: GET, POST, OPTIONS, PUT, DELETE, PATCH
access-control-allow-credentials: true
access-control-max-age: 604800
Content-Length: 0
strict-transport-security: max-age=31536000
x-content-type-options: nosniff
date: Wed, 18 Oct 2023 11:40:39 GMT
server: envoy
Via: HTTP/2 edgeproxy, 1.1 google
Alt-Svc: h3=":443"; ma=2592000,h3-29=":443"; ma=2592000
HTTP/1.1 200 OK
content-type: application/json; charset=utf-8
cache-control: public, max-age=0
etag: "MC-IjMxOTlmMzE2YTgwNWU4Yzc1N2M5NThlOTQ1YmU3ZjBiIg=="
x-robots-tag: noindex, nofollow
access-control-allow-origin: *
access-control-allow-headers: Accept, App-Platform, Authorization, Content-Type, Origin, Retry-After, Spotify-App-Version, X-Cloud-Trace-Context, client-token, content-access-token
access-control-allow-methods: GET, POST, OPTIONS, PUT, DELETE, PATCH
access-control-allow-credentials: true
access-control-max-age: 604800
content-encoding: gzip
strict-transport-security: max-age=31536000
x-content-type-options: nosniff
date: Wed, 18 Oct 2023 11:40:39 GMT
server: envoy
Via: HTTP/2 edgeproxy, 1.1 google
Alt-Svc: h3=":443"; ma=2592000,h3-29=":443"; ma=2592000
Transfer-Encoding: chunked

{
    "collaborative": false,
    "description": "Updated playlist description",
    "external_urls": {
        "spotify": "https://open.spotify.com/playlist/0MrQuFIlpjr6H8hT27PVoe"
    },
    "followers": {
        "href": null,
        "total": 0
    },
    "href": "https://api.spotify.com/v1/playlists/0MrQuFIlpjr6H8hT27PVoe",
    "id": "0MrQuFIlpjr6H8hT27PVoe",
    "images": [
        
    ],
    "name": "Updated Playlist Name",
    "owner": {
        "display_name": "Svetlin Gulev",
        "external_urls": {
            "spotify": "https://open.spotify.com/user/21dig57a3ke4dhue54lblqoly"
        },
        "href": "https://api.spotify.com/v1/users/21dig57a3ke4dhue54lblqoly",
        "id": "21dig57a3ke4dhue54lblqoly",
        "type": "user",
        "uri": "spotify:user:21dig57a3ke4dhue54lblqoly"
    },
    "primary_color": null,
    "public": false,
    "snapshot_id": "Niw2M2U0ZmE1Y2I0ZWY0OTJlNzU5YTNiYjY1MDIxMTJiZjEzMzBkMWRk",
    "tracks": {
        "href": "https://api.spotify.com/v1/playlists/0MrQuFIlpjr6H8hT27PVoe/tracks?offset=0&limit=100",
        "items": [
            
        ],
        "limit": 100,
        "next": null,
        "offset": 0,
        "previous": null,
        "total": 0
    },
    "type": "playlist",
    "uri": "spotify:playlist:0MrQuFIlpjr6H8hT27PVoe"
}
]]></system-out>
  </testcase>
  <testcase name="ShouldBeAbleToGetAPlaylist" classname="com.spotify.ouath2.tests.PlaylistsTests" time="5.884"/>
  <testcase name="ShouldBeAbleToCreateAPlaylist" classname="com.spotify.ouath2.tests.PlaylistsTests" time="5.911">
    <failure message="&#10;Expected: &quot;Description O93-O_6l_17_ Nu,mzbR_ _ ,-dO-ta1F,q-X,, __6U-,_1-6&quot;&#10;     but: was null" type="java.lang.AssertionError">java.lang.AssertionError: 

Expected: "Description O93-O_6l_17_ Nu,mzbR_ _ ,-dO-ta1F,q-X,, __6U-,_1-6"
     but: was null
	at com.spotify.ouath2.tests.PlaylistsTests.assertPlaylistEqual(PlaylistsTests.java:102)
	at com.spotify.ouath2.tests.PlaylistsTests.ShouldBeAbleToCreateAPlaylist(PlaylistsTests.java:45)
</failure>
    <system-out><![CDATA[HTTP/1.1 201 Created
content-type: application/json; charset=utf-8
cache-control: private, max-age=0
location: https://api.spotify.com/v1/playlists/7Kb5Mr9tlK3TKmPrhVoSfB
x-robots-tag: noindex, nofollow
access-control-allow-origin: *
access-control-allow-headers: Accept, App-Platform, Authorization, Content-Type, Origin, Retry-After, Spotify-App-Version, X-Cloud-Trace-Context, client-token, content-access-token
access-control-allow-methods: GET, POST, OPTIONS, PUT, DELETE, PATCH
access-control-allow-credentials: true
access-control-max-age: 604800
content-encoding: gzip
strict-transport-security: max-age=31536000
x-content-type-options: nosniff
date: Wed, 18 Oct 2023 11:40:39 GMT
server: envoy
Via: HTTP/2 edgeproxy, 1.1 google
Alt-Svc: h3=":443"; ma=2592000,h3-29=":443"; ma=2592000
Transfer-Encoding: chunked

{
    "collaborative": false,
    "description": null,
    "external_urls": {
        "spotify": "https://open.spotify.com/playlist/7Kb5Mr9tlK3TKmPrhVoSfB"
    },
    "followers": {
        "href": null,
        "total": 0
    },
    "href": "https://api.spotify.com/v1/playlists/7Kb5Mr9tlK3TKmPrhVoSfB",
    "id": "7Kb5Mr9tlK3TKmPrhVoSfB",
    "images": [
        
    ],
    "name": "Playlist M4-OF, qJ_Ob ,4-,-r ",
    "owner": {
        "display_name": "Svetlin Gulev",
        "external_urls": {
            "spotify": "https://open.spotify.com/user/21dig57a3ke4dhue54lblqoly"
        },
        "href": "https://api.spotify.com/v1/users/21dig57a3ke4dhue54lblqoly",
        "id": "21dig57a3ke4dhue54lblqoly",
        "type": "user",
        "uri": "spotify:user:21dig57a3ke4dhue54lblqoly"
    },
    "primary_color": null,
    "public": false,
    "snapshot_id": "MSwxY2FiZDRiNWVlNTJkYjNlODM1ZDY2NTMwMTgyMTJkM2ZjYTFlMDk0",
    "tracks": {
        "href": "https://api.spotify.com/v1/playlists/7Kb5Mr9tlK3TKmPrhVoSfB/tracks",
        "items": [
            
        ],
        "limit": 100,
        "next": null,
        "offset": 0,
        "previous": null,
        "total": 0
    },
    "type": "playlist",
    "uri": "spotify:playlist:7Kb5Mr9tlK3TKmPrhVoSfB"
}
]]></system-out>
  </testcase>
</testsuite>